Arguments: 
  C:\Program Files\nodejs\node.exe C:\Users\andrea.terzani\AppData\Roaming\npm\node_modules\yarn\bin\yarn.js add @rails/webpacker@3.5 --tilde

PATH: 
  c:/RailsInstaller/Ruby2.3.3/lib/ruby/gems/2.3.0/bin;C:\Program Files\ConEmu\ConEmu\Scripts;C:\Program Files\ConEmu;C:\Program Files\ConEmu\ConEmu;C:\oraclexe\app\oracle\product\11.2.0\server\bin;;C:\Program Files (x86)\Common Files\Oracle\Java\javapath;C:\oracle\product\12.1.0\client_1\bin;C:\ProgramData\Oracle\Java\javapath;C:\windows\system32;C:\windows;C:\windows\System32\Wbem;C:\windows\System32\WindowsPowerShell\v1.0\;C:\Program Files\nodejs\;C:\Program Files\PuTTY\;C:\Program Files\MySQL\MySQL Utilities 1.6\;C:\RailsInstaller\Git\cmd;C:\RailsInstaller\Ruby2.3.3\bin;C:\Users\andrea.terzani\AppData\Local\Microsoft\WindowsApps;C:\Users\andrea.terzani\AppData\Roaming\npm;C:\Program Files\Microsoft VS Code\bin

Yarn version: 
  1.5.1

Node version: 
  8.11.1

Platform: 
  win32 x64

npm manifest: 
  {
    "name": "BambooCRM",
    "private": true,
    "dependencies": {}
  }

yarn manifest: 
  No manifest

Lockfile: 
  No lockfile

Trace: 
  Error: C:\Users\andrea.terzani\Desktop\dev\BambooCRM\node_modules\node-sass: Command failed.
  Exit code: 1
  Command: C:\windows\system32\cmd.exe
  Arguments: /d /s /c node scripts/build.js
  Directory: C:\Users\andrea.terzani\Desktop\dev\BambooCRM\node_modules\node-sass
  Output:
  Building: C:\Program Files\nodejs\node.exe C:\Users\andrea.terzani\Desktop\dev\BambooCRM\node_modules\node-gyp\bin\node-gyp.js rebuild --verbose --libsass_ext= --libsass_cflags= --libsass_ldflags= --libsass_library=
  gyp info it worked if it ends with ok
  gyp verb cli [ 'C:\\Program Files\\nodejs\\node.exe',
  gyp verb cli   'C:\\Users\\andrea.terzani\\Desktop\\dev\\BambooCRM\\node_modules\\node-gyp\\bin\\node-gyp.js',
  gyp verb cli   'rebuild',
  gyp verb cli   '--verbose',
  gyp verb cli   '--libsass_ext=',
  gyp verb cli   '--libsass_cflags=',
  gyp verb cli   '--libsass_ldflags=',
  gyp verb cli   '--libsass_library=' ]
  gyp info using node-gyp@3.6.2
  gyp info using node@8.11.1 | win32 | x64
  gyp verb command rebuild []
  gyp verb command clean []
  gyp verb clean removing "build" directory
  gyp verb command configure []
  gyp verb check python checking for Python executable "python2" in the PATH
  gyp verb `which` failed Error: not found: python2
  gyp verb `which` failed     at getNotFoundError (C:\Users\andrea.terzani\Desktop\dev\BambooCRM\node_modules\which\which.js:13:12)
  gyp verb `which` failed     at F (C:\Users\andrea.terzani\Desktop\dev\BambooCRM\node_modules\which\which.js:68:19)
  gyp verb `which` failed     at E (C:\Users\andrea.terzani\Desktop\dev\BambooCRM\node_modules\which\which.js:80:29)
  gyp verb `which` failed     at C:\Users\andrea.terzani\Desktop\dev\BambooCRM\node_modules\which\which.js:89:16
  gyp verb `which` failed     at C:\Users\andrea.terzani\Desktop\dev\BambooCRM\node_modules\isexe\index.js:42:5
  gyp verb `which` failed     at C:\Users\andrea.terzani\Desktop\dev\BambooCRM\node_modules\isexe\windows.js:36:5
  gyp verb `which` failed     at FSReqWrap.oncomplete (fs.js:152:21)
  gyp verb `which` failed  python2 { Error: not found: python2
  gyp verb `which` failed     at getNotFoundError (C:\Users\andrea.terzani\Desktop\dev\BambooCRM\node_modules\which\which.js:13:12)
  gyp verb `which` failed     at F (C:\Users\andrea.terzani\Desktop\dev\BambooCRM\node_modules\which\which.js:68:19)
  gyp verb `which` failed     at E (C:\Users\andrea.terzani\Desktop\dev\BambooCRM\node_modules\which\which.js:80:29)
  gyp verb `which` failed     at C:\Users\andrea.terzani\Desktop\dev\BambooCRM\node_modules\which\which.js:89:16
  gyp verb `which` failed     at C:\Users\andrea.terzani\Desktop\dev\BambooCRM\node_modules\isexe\index.js:42:5
  gyp verb `which` failed     at C:\Users\andrea.terzani\Desktop\dev\BambooCRM\node_modules\isexe\windows.js:36:5
  gyp verb `which` failed     at FSReqWrap.oncomplete (fs.js:152:21)
  gyp verb `which` failed   stack: 'Error: not found: python2\n    at getNotFoundError (C:\\Users\\andrea.terzani\\Desktop\\dev\\BambooCRM\\node_modules\\which\\which.js:13:12)\n    at F (C:\\Users\\andrea.terzani\\Desktop\\dev\\BambooCRM\\node_modules\\which\\which.js:68:19)\n    at E (C:\\Users\\andrea.terzani\\Desktop\\dev\\BambooCRM\\node_modules\\which\\which.js:80:29)\n    at C:\\Users\\andrea.terzani\\Desktop\\dev\\BambooCRM\\node_modules\\which\\which.js:89:16\n    at C:\\Users\\andrea.terzani\\Desktop\\dev\\BambooCRM\\node_modules\\isexe\\index.js:42:5\n    at C:\\Users\\andrea.terzani\\Desktop\\dev\\BambooCRM\\node_modules\\isexe\\windows.js:36:5\n    at FSReqWrap.oncomplete (fs.js:152:21)',
  gyp verb `which` failed   code: 'ENOENT' }
  gyp verb check python checking for Python executable "python" in the PATH
  gyp verb `which` failed Error: not found: python
  gyp verb `which` failed     at getNotFoundError (C:\Users\andrea.terzani\Desktop\dev\BambooCRM\node_modules\which\which.js:13:12)
  gyp verb `which` failed     at F (C:\Users\andrea.terzani\Desktop\dev\BambooCRM\node_modules\which\which.js:68:19)
  gyp verb `which` failed     at E (C:\Users\andrea.terzani\Desktop\dev\BambooCRM\node_modules\which\which.js:80:29)
  gyp verb `which` failed     at C:\Users\andrea.terzani\Desktop\dev\BambooCRM\node_modules\which\which.js:89:16
  gyp verb `which` failed     at C:\Users\andrea.terzani\Desktop\dev\BambooCRM\node_modules\isexe\index.js:42:5
  gyp verb `which` failed     at C:\Users\andrea.terzani\Desktop\dev\BambooCRM\node_modules\isexe\windows.js:36:5
  gyp verb `which` failed     at FSReqWrap.oncomplete (fs.js:152:21)
  gyp verb `which` failed  python { Error: not found: python
  gyp verb `which` failed     at getNotFoundError (C:\Users\andrea.terzani\Desktop\dev\BambooCRM\node_modules\which\which.js:13:12)
  gyp verb `which` failed     at F (C:\Users\andrea.terzani\Desktop\dev\BambooCRM\node_modules\which\which.js:68:19)
  gyp verb `which` failed     at E (C:\Users\andrea.terzani\Desktop\dev\BambooCRM\node_modules\which\which.js:80:29)
  gyp verb `which` failed     at C:\Users\andrea.terzani\Desktop\dev\BambooCRM\node_modules\which\which.js:89:16
  gyp verb `which` failed     at C:\Users\andrea.terzani\Desktop\dev\BambooCRM\node_modules\isexe\index.js:42:5
  gyp verb `which` failed     at C:\Users\andrea.terzani\Desktop\dev\BambooCRM\node_modules\isexe\windows.js:36:5
  gyp verb `which` failed     at FSReqWrap.oncomplete (fs.js:152:21)
  gyp verb `which` failed   stack: 'Error: not found: python\n    at getNotFoundError (C:\\Users\\andrea.terzani\\Desktop\\dev\\BambooCRM\\node_modules\\which\\which.js:13:12)\n    at F (C:\\Users\\andrea.terzani\\Desktop\\dev\\BambooCRM\\node_modules\\which\\which.js:68:19)\n    at E (C:\\Users\\andrea.terzani\\Desktop\\dev\\BambooCRM\\node_modules\\which\\which.js:80:29)\n    at C:\\Users\\andrea.terzani\\Desktop\\dev\\BambooCRM\\node_modules\\which\\which.js:89:16\n    at C:\\Users\\andrea.terzani\\Desktop\\dev\\BambooCRM\\node_modules\\isexe\\index.js:42:5\n    at C:\\Users\\andrea.terzani\\Desktop\\dev\\BambooCRM\\node_modules\\isexe\\windows.js:36:5\n    at FSReqWrap.oncomplete (fs.js:152:21)',
  gyp verb `which` failed   code: 'ENOENT' }
  gyp verb could not find "python". checking python launcher 
  gyp verb could not find "python". guessing location 
  gyp verb ensuring that file exists: C:\Python27\python.exe
  gyp ERR! configure error 
  gyp ERR! stack Error: Can't find Python executable "python", you can set the PYTHON env variable.
  gyp ERR! stack     at PythonFinder.failNoPython (C:\Users\andrea.terzani\Desktop\dev\BambooCRM\node_modules\node-gyp\lib\configure.js:483:19)
  gyp ERR! stack     at PythonFinder.<anonymous> (C:\Users\andrea.terzani\Desktop\dev\BambooCRM\node_modules\node-gyp\lib\configure.js:508:16)
  gyp ERR! stack     at C:\Users\andrea.terzani\Desktop\dev\BambooCRM\node_modules\graceful-fs\polyfills.js:284:29
  gyp ERR! stack     at FSReqWrap.oncomplete (fs.js:152:21)
  gyp ERR! System Windows_NT 10.0.15063
  gyp ERR! command "C:\\Program Files\\nodejs\\node.exe" "C:\\Users\\andrea.terzani\\Desktop\\dev\\BambooCRM\\node_modules\\node-gyp\\bin\\node-gyp.js" "rebuild" "--verbose" "--libsass_ext=" "--libsass_cflags=" "--libsass_ldflags=" "--libsass_library="
  gyp ERR! cwd C:\Users\andrea.terzani\Desktop\dev\BambooCRM\node_modules\node-sass
  gyp ERR! node -v v8.11.1
  gyp ERR! node-gyp -v v3.6.2
  gyp ERR! not ok 
  Build failed with error code: 1
      at ProcessTermError.MessageError (C:\Users\andrea.terzani\AppData\Roaming\npm\node_modules\yarn\lib\cli.js:186:110)
      at new ProcessTermError (C:\Users\andrea.terzani\AppData\Roaming\npm\node_modules\yarn\lib\cli.js:226:113)
      at ChildProcess.<anonymous> (C:\Users\andrea.terzani\AppData\Roaming\npm\node_modules\yarn\lib\cli.js:30281:17)
      at emitTwo (events.js:126:13)
      at ChildProcess.emit (events.js:214:7)
      at maybeClose (internal/child_process.js:925:16)
      at Process.ChildProcess._handle.onexit (internal/child_process.js:209:5)
